<?xml version="1.0" encoding="UTF-8"?>
<!-- Generated by org.testng.reporters.JUnitXMLReporter -->
<testsuite ignored="0" hostname="DESKTOP-JR427RT" failures="3" tests="6" name="Test" time="82.848" errors="0" timestamp="2025-05-19T12:25:05 PKT">
  <testcase classname="testCases.All_Routes" name="setup" time="4.549"/>
  <testcase classname="testCases.All_Routes" name="performlogin" time="2.689"/>
  <testcase classname="testCases.All_Routes" name="TestaddRoute" time="30.468">
    <failure type="java.lang.AssertionError" message="The following asserts failed:
	Validation Error: Phone Number field is  invalid,should take only numbers as input,
	Validation Error: pick_up_Location field is  invalid,should take only numbers as input,
	Validation Error: drop_off_Location field is  invalid,should take only numbers as input,
	Validation Error: Phone number must be exactly 11 digits,
	Validation Error: Passenger Name field is  invalid,should take only characters as input,
	Validation Error: Phone Number field is  invalid,should take only numbers as input,
	Validation Error: pick_up_Location field is  invalid,should take only numbers as input,
	Validation Error: drop_off_Location field is  invalid,should take only numbers as input,
	Validation Error: Phone number must be exactly 11 digits,
	Validation Error: Latitude pattern is invalid">
      <![CDATA[java.lang.AssertionError: The following asserts failed:
Validation Error: Phone Number field is  invalid,should take only numbers as input,
Validation Error: pick_up_Location field is  invalid,should take only numbers as input,
Validation Error: drop_off_Location field is  invalid,should take only numbers as input,
Validation Error: Phone number must be exactly 11 digits,
Validation Error: Passenger Name field is  invalid,should take only characters as input,
Validation Error: Phone Number field is  invalid,should take only numbers as input,
Validation Error: pick_up_Location field is  invalid,should take only numbers as input,
Validation Error: drop_off_Location field is  invalid,should take only numbers as input,
Validation Error: Phone number must be exactly 11 digits,
Validation Error: Latitude pattern is invalid
at testCases.All_Routes.TestaddRoute(All_Routes.java:108)
at java.base/java.util.ArrayList.forEach(ArrayList.java:1596)
... Removed 27 stack frames]]>
    </failure>
  </testcase> <!-- TestaddRoute -->
  <testcase classname="testCases.All_Routes" name="UpdateRoute" time="23.366">
    <failure type="java.lang.AssertionError" message="The following asserts failed:
	Validation Error: Phone number must be exactly 11 digits,
	Unexpected toast message expected [Route updated successfully.] but found [null],
	Testcase Failed">
      <![CDATA[java.lang.AssertionError: The following asserts failed:
Validation Error: Phone number must be exactly 11 digits,
Unexpected toast message expected [Route updated successfully.] but found [null],
Testcase Failed
at testCases.All_Routes.UpdateRoute(All_Routes.java:148)
at java.base/java.util.ArrayList.forEach(ArrayList.java:1596)
... Removed 27 stack frames]]>
    </failure>
  </testcase> <!-- UpdateRoute -->
  <testcase classname="testCases.All_Routes" name="deleteRoute" time="5.934"/>
  <testcase classname="testCases.All_Routes" name="searchRoute" time="14.921">
    <failure type="java.lang.AssertionError" message="The following asserts failed:
	Route ID not found in any row: RTE120066299 expected [true] but found [false]">
      <![CDATA[java.lang.AssertionError: The following asserts failed:
Route ID not found in any row: RTE120066299 expected [true] but found [false]
at testCases.All_Routes.searchRoute(All_Routes.java:251)
at java.base/java.util.ArrayList.forEach(ArrayList.java:1596)
... Removed 27 stack frames]]>
    </failure>
  </testcase> <!-- searchRoute -->
</testsuite> <!-- Test -->
