<?xml version="1.0" encoding="UTF-8"?>
<!-- Generated by org.testng.reporters.JUnitReportReporter -->
<testsuite hostname="DESKTOP-JR427RT" failures="0" tests="3" name="testCases.All_Routes" time="10.081" errors="0" timestamp="2025-04-21T10:14:55 PKT" skipped="0">
  <testcase classname="testCases.All_Routes" name="setup" time="3.168"/>
  <testcase classname="testCases.All_Routes" name="performlogin" time="0.606"/>
  <testcase classname="testCases.All_Routes" name="deleteRoute" time="6.307"/>
</testsuite> <!-- testCases.All_Routes -->
