<?xml version="1.0" encoding="UTF-8"?>
<!-- Generated by org.testng.reporters.JUnitReportReporter -->
<testsuite hostname="DESKTOP-JR427RT" failures="0" tests="3" name="testCases.LoginDataDrivenTest" time="45.617" errors="0" timestamp="2025-05-19T12:43:10 PKT" skipped="0">
  <testcase classname="testCases.LoginDataDrivenTest" name="setup" time="4.333"/>
  <testcase classname="testCases.LoginDataDrivenTest" name="performlogin" time="40.553"/>
  <testcase classname="testCases.LoginDataDrivenTest" name="loginviaEnter" time="0.731"/>
</testsuite> <!-- testCases.LoginDataDrivenTest -->
