<?xml version="1.0" encoding="UTF-8"?>
<!-- Generated by org.testng.reporters.JUnitReportReporter -->
<testsuite hostname="DESKTOP-JR427RT" failures="0" tests="3" name="testCases.Info_Page" time="27.110" errors="0" timestamp="2025-05-19T12:01:27 PKT" skipped="0">
  <testcase classname="testCases.Info_Page" name="setup" time="4.406"/>
  <testcase classname="testCases.Info_Page" name="performlogin" time="0.614"/>
  <testcase classname="testCases.Info_Page" name="editDriver" time="22.090"/>
</testsuite> <!-- testCases.Info_Page -->
