<?xml version="1.0" encoding="UTF-8"?>
<!-- Generated by org.testng.reporters.JUnitReportReporter -->
<testsuite hostname="DESKTOP-JR427RT" failures="0" tests="3" name="testCases.RouteInfo" time="15.822" errors="0" timestamp="2025-04-21T12:50:58 PKT" skipped="0">
  <testcase classname="testCases.RouteInfo" name="setup" time="5.037"/>
  <testcase classname="testCases.RouteInfo" name="performlogin" time="0.620"/>
  <testcase classname="testCases.RouteInfo" name="RouteInfo" time="10.165"/>
</testsuite> <!-- testCases.RouteInfo -->
